[debug] [2022-11-07T19:06:41.177Z] ----------------------------------------------------------------------
[debug] [2022-11-07T19:06:41.188Z] Command:       C:\Program Files\nodejs\node.exe C:\Users\margon\AppData\Roaming\npm\node_modules\firebase-tools\lib\bin\firebase.js init
[debug] [2022-11-07T19:06:41.189Z] CLI Version:   11.15.0
[debug] [2022-11-07T19:06:41.189Z] Platform:      win32
[debug] [2022-11-07T19:06:41.190Z] Node Version:  v19.0.0
[debug] [2022-11-07T19:06:41.190Z] Time:          Tue Nov 08 2022 01:06:41 GMT+0600 (Bangladesh Standard Time)
[debug] [2022-11-07T19:06:41.190Z] ----------------------------------------------------------------------
[debug] 
[debug] [2022-11-07T19:06:41.194Z] >>> [apiv2][query] GET https://firebase-public.firebaseio.com/cli.json [none]
[debug] [2022-11-07T19:06:41.246Z] > command requires scopes: ["email","openid","https://www.googleapis.com/auth/cloudplatformprojects.readonly","https://www.googleapis.com/auth/firebase","https://www.googleapis.com/auth/cloud-platform"]
[debug] [2022-11-07T19:06:41.246Z] > authorizing via signed-in user (pysoftbd@gmail.com)
[info] 
     ######## #### ########  ######## ########     ###     ######  ########
     ##        ##  ##     ## ##       ##     ##  ##   ##  ##       ##
     ######    ##  ########  ######   ########  #########  ######  ######
     ##        ##  ##    ##  ##       ##     ## ##     ##       ## ##
     ##       #### ##     ## ######## ########  ##     ##  ######  ########

You're about to initialize a Firebase project in this directory:

  C:\projects\b6a11-service-review-client-side

Before we get started, keep in mind:

  * You are currently outside your home directory

[debug] [2022-11-07T19:06:41.895Z] <<< [apiv2][status] GET https://firebase-public.firebaseio.com/cli.json 200
[debug] [2022-11-07T19:06:41.895Z] <<< [apiv2][body] GET https://firebase-public.firebaseio.com/cli.json {"cloudBuildErrorAfter":1594252800000,"cloudBuildWarnAfter":1590019200000,"defaultNode10After":1594252800000,"minVersion":"3.0.5","node8DeploysDisabledAfter":1613390400000,"node8RuntimeDisabledAfter":1615809600000,"node8WarnAfter":1600128000000}
[info] 
=== Project Setup
[info] 
[info] First, let's associate this project directory with a Firebase project.
[info] You can create multiple project aliases by running firebase use --add, 
[info] but for now we'll just set up a default project.
[info] 
[debug] [2022-11-07T19:07:32.557Z] > refreshing access token with scopes: []
[debug] [2022-11-07T19:07:32.559Z] >>> [apiv2][query] POST https://www.googleapis.com/oauth2/v3/token [none]
[debug] [2022-11-07T19:07:32.559Z] >>> [apiv2][body] POST https://www.googleapis.com/oauth2/v3/token [omitted]
[debug] [2022-11-07T19:07:32.889Z] <<< [apiv2][status] POST https://www.googleapis.com/oauth2/v3/token 200
[debug] [2022-11-07T19:07:32.889Z] <<< [apiv2][body] POST https://www.googleapis.com/oauth2/v3/token [omitted]
[debug] [2022-11-07T19:07:32.902Z] >>> [apiv2][query] GET https://firebase.googleapis.com/v1beta1/projects pageSize=100
[debug] [2022-11-07T19:07:33.992Z] <<< [apiv2][status] GET https://firebase.googleapis.com/v1beta1/projects 200
[debug] [2022-11-07T19:07:33.992Z] <<< [apiv2][body] GET https://firebase.googleapis.com/v1beta1/projects [omitted]
